<?xml version="1.0" encoding="UTF-8"?>
<!-- Generated by org.testng.reporters.JUnitReportReporter -->
<testsuite hostname="LAPTOP-UHV80U0P" failures="0" tests="2" name="testbrowser.CrossBrowserTesting" time="20.674" errors="0" timestamp="2022-02-21T10:54:50 IST" skipped="0">
  <testcase classname="testbrowser.CrossBrowserTesting" name="VerifyTitle" time="7.903"/>
  <system-out/>
  <testcase classname="testbrowser.CrossBrowserTesting" name="VerifyTitle" time="12.771"/>
  <system-out/>
</testsuite> <!-- testbrowser.CrossBrowserTesting -->
